<?xml version="1.0" encoding="UTF-8"?>
<testsuite xmlns:xsi="http://www.w3.org/2001/XMLSchema-instance" xsi:noNamespaceSchemaLocation="https://maven.apache.org/surefire/maven-surefire-plugin/xsd/surefire-test-report-3.0.xsd" version="3.0" name="com.green.ProjectApplicationTests" time="9.318" tests="1" errors="0" skipped="0" failures="0">
  <properties>
[...]
</properties>
  <testcase name="contextLoads" classname="com.green.ProjectApplicationTests" time="0.641">
    <system-out><![CDATA[10:30:03.934 [main] INFO org.springframework.test.context.support.AnnotationConfigContextLoaderUtils -- Could not detect default configuration classes for test class [com.green.ProjectApplicationTests]: ProjectApplicationTests does not declare any static, non-private, non-final, nested classes annotated with @Configuration.
10:30:04.043 [main] INFO org.springframework.boot.test.context.SpringBootTestContextBootstrapper -- Found @SpringBootConfiguration com.green.ProjectApplication for test class com.green.ProjectApplicationTests
10:30:04.248 [main] INFO org.springframework.boot.devtools.restart.RestartApplicationListener -- Restart disabled due to context in which it is running

  .   ____          _            __ _ _
 /\\ / ___'_ __ _ _(_)_ __  __ _ \ \ \ \
( ( )\___ | '_ | '_| | '_ \/ _` | \ \ \ \
 \\/  ___)| |_)| | | | | || (_| |  ) ) ) )
  '  |____| .__|_| |_|_| |_\__, | / / / /
 =========|_|==============|___/=/_/_/_/

 :: Spring Boot ::                (v3.3.1)

2024-07-19T10:30:04.519+09:00  INFO 3264 --- [project] [           main] com.green.ProjectApplicationTests        : Starting ProjectApplicationTests using Java 17.0.11 with PID 3264 (started by humanf in C:\Users\humanf\Desktop\jsy\back\back)
2024-07-19T10:30:04.521+09:00  INFO 3264 --- [project] [           main] com.green.ProjectApplicationTests        : No active profile set, falling back to 1 default profile: "default"
2024-07-19T10:30:05.355+09:00  INFO 3264 --- [project] [           main] .s.d.r.c.RepositoryConfigurationDelegate : Bootstrapping Spring Data JPA repositories in DEFAULT mode.
2024-07-19T10:30:05.421+09:00  INFO 3264 --- [project] [           main] .s.d.r.c.RepositoryConfigurationDelegate : Finished Spring Data repository scanning in 56 ms. Found 1 JPA repository interface.
2024-07-19T10:30:05.578+09:00  WARN 3264 --- [project] [           main] o.m.s.mapper.ClassPathMapperScanner      : No MyBatis mapper was found in '[com.green]' package. Please check your configuration.
2024-07-19T10:30:05.848+09:00  WARN 3264 --- [project] [           main] trationDelegate$BeanPostProcessorChecker : Bean 'org.springframework.ws.config.annotation.DelegatingWsConfiguration' of type [org.springframework.ws.config.annotation.DelegatingWsConfiguration$$SpringCGLIB$$0] is not eligible for getting processed by all BeanPostProcessors (for example: not eligible for auto-proxying). The currently created BeanPostProcessor [annotationActionEndpointMapping] is declared through a non-static factory method on that class; consider declaring it as static instead.
2024-07-19T10:30:05.909+09:00  INFO 3264 --- [project] [           main] .w.s.a.s.AnnotationActionEndpointMapping : Supporting [WS-Addressing August 2004, WS-Addressing 1.0]
2024-07-19T10:30:06.189+09:00  INFO 3264 --- [project] [           main] o.hibernate.jpa.internal.util.LogHelper  : HHH000204: Processing PersistenceUnitInfo [name: default]
2024-07-19T10:30:06.284+09:00  INFO 3264 --- [project] [           main] org.hibernate.Version                    : HHH000412: Hibernate ORM core version 6.5.2.Final
2024-07-19T10:30:06.344+09:00  INFO 3264 --- [project] [           main] o.h.c.internal.RegionFactoryInitiator    : HHH000026: Second-level cache disabled
2024-07-19T10:30:06.996+09:00  INFO 3264 --- [project] [           main] o.s.o.j.p.SpringPersistenceUnitInfo      : No LoadTimeWeaver setup: ignoring JPA class transformer
2024-07-19T10:30:07.044+09:00  INFO 3264 --- [project] [           main] com.zaxxer.hikari.HikariDataSource       : HikariPool-1 - Starting...
2024-07-19T10:30:09.528+09:00  INFO 3264 --- [project] [           main] com.zaxxer.hikari.pool.HikariPool        : HikariPool-1 - Added connection com.mysql.cj.jdbc.ConnectionImpl@1d9af731
2024-07-19T10:30:09.532+09:00  INFO 3264 --- [project] [           main] com.zaxxer.hikari.HikariDataSource       : HikariPool-1 - Start completed.
2024-07-19T10:30:10.706+09:00  INFO 3264 --- [project] [           main] o.h.e.t.j.p.i.JtaPlatformInitiator       : HHH000489: No JTA platform available (set 'hibernate.transaction.jta.platform' to enable JTA platform integration)
2024-07-19T10:30:11.290+09:00  INFO 3264 --- [project] [           main] j.LocalContainerEntityManagerFactoryBean : Initialized JPA EntityManagerFactory for persistence unit 'default'
2024-07-19T10:30:11.791+09:00  WARN 3264 --- [project] [           main] JpaBaseConfiguration$JpaWebConfiguration : spring.jpa.open-in-view is enabled by default. Therefore, database queries may be performed during view rendering. Explicitly configure spring.jpa.open-in-view to disable this warning
2024-07-19T10:30:12.355+09:00  INFO 3264 --- [project] [           main] com.green.ProjectApplicationTests        : Started ProjectApplicationTests in 8.125 seconds (process running for 9.756)
]]></system-out>
  </testcase>
</testsuite>